This is pdfTeX, Version 3.1415926-2.4-1.40.13 (TeX Live 2012) (format=pdflatex 2012.6.30)  2 JUL 2014 13:20
entering extended mode
 restricted \write18 enabled.
 %&-line parsing enabled.
**EPICSIR.tex
(./EPICSIR.tex
LaTeX2e <2011/06/27>
Babel <v3.8m> and hyphenation patterns for english, dumylang, nohyphenation, ge
rman-x-2012-05-30, ngerman-x-2012-05-30, afrikaans, ancientgreek, ibycus, arabi
c, armenian, basque, bulgarian, catalan, pinyin, coptic, croatian, czech, danis
h, dutch, ukenglish, usenglishmax, esperanto, estonian, ethiopic, farsi, finnis
h, french, friulan, galician, german, ngerman, swissgerman, monogreek, greek, h
ungarian, icelandic, assamese, bengali, gujarati, hindi, kannada, malayalam, ma
rathi, oriya, panjabi, tamil, telugu, indonesian, interlingua, irish, italian, 
kurmanji, latin, latvian, lithuanian, mongolian, mongolianlmc, bokmal, nynorsk,
 polish, portuguese, romanian, romansh, russian, sanskrit, serbian, serbianc, s
lovak, slovenian, spanish, swedish, turkish, turkmen, ukrainian, uppersorbian, 
welsh, loaded.
(/usr/local/texlive/2012/texmf-dist/tex/latex/base/article.cls
Document Class: article 2007/10/19 v1.4h Standard LaTeX document class
(/usr/local/texlive/2012/texmf-dist/tex/latex/base/size12.clo
File: size12.clo 2007/10/19 v1.4h Standard LaTeX file (size option)
)
\c@part=\count79
\c@section=\count80
\c@subsection=\count81
\c@subsubsection=\count82
\c@paragraph=\count83
\c@subparagraph=\count84
\c@figure=\count85
\c@table=\count86
\abovecaptionskip=\skip41
\belowcaptionskip=\skip42
\bibindent=\dimen102
)
(/usr/local/texlive/2012/texmf-dist/tex/latex/graphics/graphicx.sty
Package: graphicx 1999/02/16 v1.0f Enhanced LaTeX Graphics (DPC,SPQR)

(/usr/local/texlive/2012/texmf-dist/tex/latex/graphics/keyval.sty
Package: keyval 1999/03/16 v1.13 key=value parser (DPC)
\KV@toks@=\toks14
)
(/usr/local/texlive/2012/texmf-dist/tex/latex/graphics/graphics.sty
Package: graphics 2009/02/05 v1.0o Standard LaTeX Graphics (DPC,SPQR)

(/usr/local/texlive/2012/texmf-dist/tex/latex/graphics/trig.sty
Package: trig 1999/03/16 v1.09 sin cos tan (DPC)
)
(/usr/local/texlive/2012/texmf-dist/tex/latex/latexconfig/graphics.cfg
File: graphics.cfg 2010/04/23 v1.9 graphics configuration of TeX Live
)
Package graphics Info: Driver file: pdftex.def on input line 91.

(/usr/local/texlive/2012/texmf-dist/tex/latex/pdftex-def/pdftex.def
File: pdftex.def 2011/05/27 v0.06d Graphics/color for pdfTeX

(/usr/local/texlive/2012/texmf-dist/tex/generic/oberdiek/infwarerr.sty
Package: infwarerr 2010/04/08 v1.3 Providing info/warning/error messages (HO)
)
(/usr/local/texlive/2012/texmf-dist/tex/generic/oberdiek/ltxcmds.sty
Package: ltxcmds 2011/11/09 v1.22 LaTeX kernel commands for general use (HO)
)
\Gread@gobject=\count87
))
\Gin@req@height=\dimen103
\Gin@req@width=\dimen104
)
(/usr/local/texlive/2012/texmf-dist/tex/latex/endfloat/endfloat.sty
Package: endfloat 2011/12/25 v2.5d LaTeX2e package puts figures and tables at e
nd (jdm)
\c@postfigure=\count88
\efloat@postfff=\write3
\@ef@fffopen=\count89
\c@posttable=\count90
\efloat@postttt=\write4
\@ef@tttopen=\count91
)
(/usr/local/texlive/2012/texmf-dist/tex/latex/amsfonts/amsfonts.sty
Package: amsfonts 2009/06/22 v3.00 Basic AMSFonts support
\@emptytoks=\toks15
\symAMSa=\mathgroup4
\symAMSb=\mathgroup5
LaTeX Font Info:    Overwriting math alphabet `\mathfrak' in version `bold'
(Font)                  U/euf/m/n --> U/euf/b/n on input line 96.
)
(/usr/local/texlive/2012/texmf-dist/tex/latex/subfigure/subfigure.sty
Package: subfigure 2002/03/15 v2.1.5 subfigure package
\subfigtopskip=\skip43
\subfigcapskip=\skip44
\subfigcaptopadj=\dimen105
\subfigbottomskip=\skip45
\subfigcapmargin=\dimen106
\subfiglabelskip=\skip46
\c@subfigure=\count92
\c@lofdepth=\count93
\c@subtable=\count94
\c@lotdepth=\count95

****************************************
* Local config file subfigure.cfg used *
****************************************
(/usr/local/texlive/2012/texmf-dist/tex/latex/subfigure/subfigure.cfg)
\subfig@top=\skip47
\subfig@bottom=\skip48
)
(./genetics_manu_style.sty
Package: genetics_manu_style 1999/09/24 1.0 Eric Anderson PSNFSS LaTeX package 
loading style file for Genetics manuscript
)
(/usr/local/texlive/2012/texmf-dist/tex/latex/siunitx/siunitx.sty
(/usr/local/texlive/2012/texmf-dist/tex/latex/l3kernel/expl3.sty
(/usr/local/texlive/2012/texmf-dist/tex/latex/l3kernel/l3names.sty
(/usr/local/texlive/2012/texmf-dist/tex/latex/l3kernel/l3bootstrap.sty
Package: l3bootstrap 2011/12/29 v3110 L3 Experimental bootstrap code
)
Package: l3names 2012/03/04 v3494 L3 Experimental namespace for primitives
)
(/usr/local/texlive/2012/texmf-dist/tex/latex/etex-pkg/etex.sty
Package: etex 1998/03/26 v2.0 eTeX basic definition package (PEB)
\et@xins=\count96
)
Package: expl3 2012/04/23 v3570 L3 Experimental code bundle wrapper

(/usr/local/texlive/2012/texmf-dist/tex/latex/graphics/color.sty
Package: color 2005/11/14 v1.0j Standard LaTeX Color (DPC)

(/usr/local/texlive/2012/texmf-dist/tex/latex/latexconfig/color.cfg
File: color.cfg 2007/01/18 v1.5 color configuration of teTeX/TeXLive
)
Package color Info: Driver file: pdftex.def on input line 130.
)
(/usr/local/texlive/2012/texmf-dist/tex/latex/l3kernel/l3basics.sty
Package: l3basics 2012/03/04 v3491 L3 Experimental basic definitions
)
(/usr/local/texlive/2012/texmf-dist/tex/latex/l3kernel/l3expan.sty
Package: l3expan 2012/02/26 v3460 L3 Experimental argument expansion
)
(/usr/local/texlive/2012/texmf-dist/tex/latex/l3kernel/l3tl.sty
Package: l3tl 2012/03/04 v3490 L3 Experimental token lists
)
(/usr/local/texlive/2012/texmf-dist/tex/latex/l3kernel/l3seq.sty
Package: l3seq 2012/03/04 v3490 L3 Experimental sequences and stacks
)
(/usr/local/texlive/2012/texmf-dist/tex/latex/l3kernel/l3int.sty
Package: l3int 2012/03/04 v3490 L3 Experimental integers
\c_max_int=\count97
\l_tmpa_int=\count98
\l_tmpb_int=\count99
\l_tmpc_int=\count100
\g_tmpa_int=\count101
\g_tmpb_int=\count102
)
(/usr/local/texlive/2012/texmf-dist/tex/latex/l3kernel/l3quark.sty
Package: l3quark 2012/02/12 v3384 L3 Experimental quarks
)
(/usr/local/texlive/2012/texmf-dist/tex/latex/l3kernel/l3prg.sty
Package: l3prg 2012/03/04 v3490 L3 Experimental control structures
\g_prg_map_int=\count103
)
(/usr/local/texlive/2012/texmf-dist/tex/latex/l3kernel/l3clist.sty
Package: l3clist 2012/03/04 v3490 L3 Experimental comma separated lists
)
(/usr/local/texlive/2012/texmf-dist/tex/latex/l3kernel/l3token.sty
Package: l3token 2012/03/04 v3491 L3 Experimental token manipulation
)
(/usr/local/texlive/2012/texmf-dist/tex/latex/l3kernel/l3prop.sty
Package: l3prop 2012/03/04 v3490 L3 Experimental property lists
)
(/usr/local/texlive/2012/texmf-dist/tex/latex/l3kernel/l3msg.sty
Package: l3msg 2012/04/23 v3568 L3 Experimental messages
)
(/usr/local/texlive/2012/texmf-dist/tex/latex/l3kernel/l3file.sty
Package: l3file 2012/03/09 v3520 L3 Experimental file and I/O operations
\l_iow_stream_int=\count104
\l_iow_line_length_int=\count105
\l_iow_target_length_int=\count106
\l_iow_current_line_int=\count107
\l_iow_current_word_int=\count108
\l_iow_current_indentation_int=\count109
)
(/usr/local/texlive/2012/texmf-dist/tex/latex/l3kernel/l3skip.sty
Package: l3skip 2012/03/05 v3499 L3 Experimental dimensions and skips
\l_tmpa_dim=\dimen107
\l_tmpb_dim=\dimen108
\l_tmpc_dim=\dimen109
\g_tmpa_dim=\dimen110
\g_tmpb_dim=\dimen111
\l_tmpa_skip=\skip49
\l_tmpb_skip=\skip50
\l_tmpc_skip=\skip51
\g_tmpa_skip=\skip52
\g_tmpb_skip=\skip53
)
(/usr/local/texlive/2012/texmf-dist/tex/latex/l3kernel/l3keys.sty
Package: l3keys 2012/03/03 v3487 L3 Experimental key-value interfaces
\g_keyval_level_int=\count110
\l_keys_choice_int=\count111
)
(/usr/local/texlive/2012/texmf-dist/tex/latex/l3kernel/l3fp.sty
Package: l3fp 2012/03/04 v3490 L3 Experimental floating-point operations
\c_one_million=\count112
\c_one_hundred_million=\count113
\c_five_hundred_million=\count114
\c_one_thousand_million=\count115
\c_fp_pi_by_four_decimal_int=\count116
\c_fp_pi_by_four_extended_int=\count117
\c_fp_pi_decimal_int=\count118
\c_fp_pi_extended_int=\count119
\c_fp_two_pi_decimal_int=\count120
\c_fp_two_pi_extended_int=\count121
\l_fp_count_int=\count122
\l_fp_div_offset_int=\count123
\l_fp_exp_integer_int=\count124
\l_fp_exp_decimal_int=\count125
\l_fp_exp_extended_int=\count126
\l_fp_exp_exponent_int=\count127
\l_fp_input_a_sign_int=\count128
\l_fp_input_a_integer_int=\count129
\l_fp_input_a_decimal_int=\count130
\l_fp_input_a_exponent_int=\count131
\l_fp_input_b_sign_int=\count132
\l_fp_input_b_integer_int=\count133
\l_fp_input_b_decimal_int=\count134
\l_fp_input_b_exponent_int=\count135
\l_fp_input_a_extended_int=\count136
\l_fp_input_b_extended_int=\count137
\l_fp_mul_a_i_int=\count138
\l_fp_mul_a_ii_int=\count139
\l_fp_mul_a_iii_int=\count140
\l_fp_mul_a_iv_int=\count141
\l_fp_mul_a_v_int=\count142
\l_fp_mul_a_vi_int=\count143
\l_fp_mul_b_i_int=\count144
\l_fp_mul_b_ii_int=\count145
\l_fp_mul_b_iii_int=\count146
\l_fp_mul_b_iv_int=\count147
\l_fp_mul_b_v_int=\count148
\l_fp_mul_b_vi_int=\count149
\l_fp_mul_output_int=\count150
\l_fp_output_sign_int=\count151
\l_fp_output_integer_int=\count152
\l_fp_output_decimal_int=\count153
\l_fp_output_exponent_int=\count154
\l_fp_output_extended_int=\count155
\l_fp_round_position_int=\count156
\l_fp_round_target_int=\count157
\l_fp_split_sign_int=\count158
\l_fp_internal_int=\count159
\l_fp_trig_octant_int=\count160
\l_fp_trig_sign_int=\count161
\l_fp_trig_decimal_int=\count162
\l_fp_trig_extended_int=\count163
\l_fp_internal_dim=\dimen112
\l_fp_internal_skip=\skip54
)
(/usr/local/texlive/2012/texmf-dist/tex/latex/l3kernel/l3box.sty
Package: l3box 2012/03/04 v3490 L3 Experimental boxes
\l_tmpb_box=\box26
\l_box_top_dim=\dimen113
\l_box_bottom_dim=\dimen114
\l_box_left_dim=\dimen115
\l_box_right_dim=\dimen116
\l_box_top_new_dim=\dimen117
\l_box_bottom_new_dim=\dimen118
\l_box_left_new_dim=\dimen119
\l_box_right_new_dim=\dimen120
\l_box_internal_box=\box27
)
(/usr/local/texlive/2012/texmf-dist/tex/latex/l3kernel/l3coffins.sty
Package: l3coffins 2012/03/03 v3482 L3 Experimental coffin code layer
\l_coffin_internal_box=\box28
\l_coffin_internal_dim=\dimen121
\l_coffin_offset_x_dim=\dimen122
\l_coffin_offset_y_dim=\dimen123
\l_coffin_x_dim=\dimen124
\l_coffin_y_dim=\dimen125
\l_coffin_x_prime_dim=\dimen126
\l_coffin_y_prime_dim=\dimen127
\l_coffin_Depth_dim=\dimen128
\l_coffin_Height_dim=\dimen129
\l_coffin_TotalHeight_dim=\dimen130
\l_coffin_Width_dim=\dimen131
\c_empty_coffin=\box29
\l_coffin_aligned_coffin=\box30
\l_coffin_aligned_internal_coffin=\box31
\l_coffin_bounding_shift_dim=\dimen132
\l_coffin_left_corner_dim=\dimen133
\l_coffin_right_corner_dim=\dimen134
\l_coffin_bottom_corner_dim=\dimen135
\l_coffin_top_corner_dim=\dimen136
\l_coffin_scaled_total_height_dim=\dimen137
\l_coffin_scaled_width_dim=\dimen138
\l_coffin_display_coffin=\box32
\l_coffin_display_coord_coffin=\box33
\l_coffin_display_pole_coffin=\box34
\l_coffin_display_offset_dim=\dimen139
\l_coffin_display_x_dim=\dimen140
\l_coffin_display_y_dim=\dimen141
)
(/usr/local/texlive/2012/texmf-dist/tex/latex/l3kernel/l3color.sty
Package: l3color 2011/09/07 v2776 L3 Experimental colour support
)
(/usr/local/texlive/2012/texmf-dist/tex/latex/l3kernel/l3luatex.sty
Package: l3luatex 2012/02/09 v3355 L3 Experimental LuaTeX-specific functions
\g_cctab_allocate_int=\count164
\g_cctab_stack_int=\count165
))
Package: siunitx 2012/05/03 v2.5c A comprehensive (SI) units package

(/usr/local/texlive/2012/texmf-dist/tex/latex/amsmath/amstext.sty
Package: amstext 2000/06/29 v2.01

(/usr/local/texlive/2012/texmf-dist/tex/latex/amsmath/amsgen.sty
File: amsgen.sty 1999/11/30 v2.0
\@emptytoks=\toks16
\ex@=\dimen142
))
(/usr/local/texlive/2012/texmf-dist/tex/latex/tools/array.sty
Package: array 2008/09/09 v2.4c Tabular extension package (FMi)
\col@sep=\dimen143
\extrarowheight=\dimen144
\NC@list=\toks17
\extratabsurround=\skip55
\backup@length=\skip56
)
(/usr/local/texlive/2012/texmf-dist/tex/latex/l3packages/l3keys2e/l3keys2e.sty
(/usr/local/texlive/2012/texmf-dist/tex/latex/l3packages/xparse/xparse.sty
Package: xparse 2012/04/23 v3570 L3 Experimental document command parser
\l_xparse_current_arg_int=\count166
\l_xparse_m_args_int=\count167
\l_xparse_mandatory_args_int=\count168
\l_xparse_processor_int=\count169
\l_xparse_v_nesting_int=\count170
)
Package: l3keys2e 2012/04/23 v3570 LaTeX2e option processing using LaTeX3 keys
)
\l_siunitx_tmp_box=\box35
\l_siunitx_tmp_dim=\dimen145
\l_siunitx_tmp_int=\count171
Variant \prop_get:NVNT already defined; not changing it on line 360
Variant \prop_get:NVNF already defined; not changing it on line 361
Variant \prop_get:NVNTF already defined; not changing it on line 362
\l_siunitx_number_mantissa_length_int=\count172
\l_siunitx_number_uncert_length_int=\count173
\l_siunitx_round_int=\count174
\l_siunitx_process_decimal_int=\count175
\l_siunitx_process_uncertainty_int=\count176
\l_siunitx_process_fixed_int=\count177
\l_siunitx_process_integer_min_int=\count178
\l_siunitx_process_precision_int=\count179
\l_siunitx_group_min_int=\count180
\l_siunitx_angle_marker_box=\box36
\l_siunitx_angle_unit_box=\box37
\l_siunitx_angle_marker_dim=\dimen146
\l_siunitx_angle_unit_dim=\dimen147
\l_siunitx_unit_int=\count181
\l_siunitx_unit_denominator_int=\count182
\l_siunitx_unit_numerator_int=\count183
\l_siunitx_unit_prefix_int=\count184
\l_siunitx_unit_prefix_base_int=\count185
\l_siunitx_unit_prefix_gram_int=\count186
\l_siunitx_number_product_int=\count187
\c_siunitx_one_fill_skip=\skip57
\l_siunitx_table_unit_align_skip=\skip58
\l_siunitx_table_exponent_dim=\dimen148
\l_siunitx_table_integer_dim=\dimen149
\l_siunitx_table_mantissa_dim=\dimen150
\l_siunitx_table_marker_dim=\dimen151
\l_siunitx_table_result_dim=\dimen152
\l_siunitx_table_uncert_dim=\dimen153
\l_siunitx_table_fill_pre_dim=\dimen154
\l_siunitx_table_fill_post_dim=\dimen155
\l_siunitx_table_fill_mid_dim=\dimen156
\l_siunitx_table_pre_box=\box38
\l_siunitx_table_post_box=\box39
\l_siunitx_table_mantissa_box=\box40
\l_siunitx_table_result_box=\box41
\l_siunitx_table_number_align_skip=\skip59
\l_siunitx_table_text_align_skip=\skip60
.................................................
. LaTeX info: "xparse/define-command"
. 
. Defining document command \DeclareBinaryPrefix with arg. spec. 'mmm' on line
. 7037.
.................................................
.................................................
. LaTeX info: "xparse/define-command"
. 
. Defining document command \DeclareSIPostPower with arg. spec. 'mm' on line
. 7040.
.................................................
.................................................
. LaTeX info: "xparse/define-command"
. 
. Defining document command \DeclareSIPrefix with arg. spec. 'mmm' on line
. 7043.
.................................................
.................................................
. LaTeX info: "xparse/define-command"
. 
. Defining document command \DeclareSIPrePower with arg. spec. 'mm' on line
. 7046.
.................................................
.................................................
. LaTeX info: "xparse/define-command"
. 
. Defining document command \DeclareSIQualifier with arg. spec. 'mm' on line
. 7049.
.................................................
.................................................
. LaTeX info: "xparse/define-command"
. 
. Defining document command \DeclareSIUnit with arg. spec. 'O{}mm' on line
. 7052.
.................................................
.................................................
. LaTeX info: "xparse/define-command"
. 
. Defining document command \DeclareSIUnitWithOptions with arg. spec. 'mmm' on
. line 7055.
.................................................
.................................................
. LaTeX info: "xparse/define-command"
. 
. Defining document command \ang with arg. spec. 'o>{\SplitArgument {2}{;}}m'
. on line 7070.
.................................................
.................................................
. LaTeX info: "xparse/define-command"
. 
. Defining document command \num with arg. spec. 'om' on line 7078.
.................................................
.................................................
. LaTeX info: "xparse/define-command"
. 
. Defining document command \numlist with arg. spec. 'o>{\SplitList {;}}m' on
. line 7086.
.................................................
.................................................
. LaTeX info: "xparse/define-command"
. 
. Defining document command \numrange with arg. spec. 'omm' on line 7094.
.................................................
.................................................
. LaTeX info: "xparse/define-command"
. 
. Defining document command \SIlist with arg. spec. 'o>{\SplitList {;}}mm' on
. line 7105.
.................................................
.................................................
. LaTeX info: "xparse/define-command"
. 
. Defining document command \SIrange with arg. spec. 'ommm' on line 7116.
.................................................
.................................................
. LaTeX info: "xparse/define-command"
. 
. Defining document command \SI with arg. spec. 'omom' on line 7127.
.................................................
.................................................
. LaTeX info: "xparse/define-command"
. 
. Defining document command \sisetup with arg. spec. 'm' on line 7130.
.................................................
.................................................
. LaTeX info: "xparse/define-command"
. 
. Defining document command \tablenum with arg. spec. 'om' on line 7142.
.................................................
.................................................
. LaTeX info: "xparse/define-command"
. 
. Defining document command \si with arg. spec. 'om' on line 7153.
.................................................
.................................................
. LaTeX info: "xparse/define-command"
. 
. Defining document command \siunitx_bookmark_num:w with arg. spec. 'om' on
. line 7197.
.................................................
.................................................
. LaTeX info: "xparse/define-command"
. 
. Defining document command \siunitx_bookmark_numrange:w with arg. spec. 'omm'
. on line 7199.
.................................................
.................................................
. LaTeX info: "xparse/define-command"
. 
. Defining document command \siunitx_bookmark_SI:w with arg. spec. 'omom' on
. line 7201.
.................................................
.................................................
. LaTeX info: "xparse/define-command"
. 
. Defining document command \siunitx_bookmark_SIlist:w with arg. spec. 'omm'
. on line 7203.
.................................................
.................................................
. LaTeX info: "xparse/define-command"
. 
. Defining document command \siunitx_bookmark_SIrange:w with arg. spec. 'ommm'
. on line 7205.
.................................................
.................................................
. LaTeX info: "xparse/define-command"
. 
. Defining document command \siunitx_bookmark_si:w with arg. spec. 'om' on
. line 7206.
.................................................
\g_ior_internal_ior=\read1

(/usr/local/texlive/2012/texmf-dist/tex/latex/beamer/translator/translator.sty
Package: translator 2010/06/12 ver 1.10

(/usr/local/texlive/2012/texmf-dist/tex/latex/beamer/translator/translator-lang
uage-mappings.tex)))
(/usr/local/texlive/2012/texmf-dist/tex/latex/amsmath/amsmath.sty
Package: amsmath 2000/07/18 v2.13 AMS math features
\@mathmargin=\skip61

For additional information on amsmath, use the `?' option.
(/usr/local/texlive/2012/texmf-dist/tex/latex/amsmath/amsbsy.sty
Package: amsbsy 1999/11/29 v1.2d
\pmbraise@=\dimen157
)
(/usr/local/texlive/2012/texmf-dist/tex/latex/amsmath/amsopn.sty
Package: amsopn 1999/12/14 v2.01 operator names
)
\inf@bad=\count188
LaTeX Info: Redefining \frac on input line 211.
\uproot@=\count189
\leftroot@=\count190
LaTeX Info: Redefining \overline on input line 307.
\classnum@=\count191
\DOTSCASE@=\count192
LaTeX Info: Redefining \ldots on input line 379.
LaTeX Info: Redefining \dots on input line 382.
LaTeX Info: Redefining \cdots on input line 467.
\Mathstrutbox@=\box42
\strutbox@=\box43
\big@size=\dimen158
LaTeX Font Info:    Redeclaring font encoding OML on input line 567.
LaTeX Font Info:    Redeclaring font encoding OMS on input line 568.
\macc@depth=\count193
\c@MaxMatrixCols=\count194
\dotsspace@=\muskip10
\c@parentequation=\count195
\dspbrk@lvl=\count196
\tag@help=\toks18
\row@=\count197
\column@=\count198
\maxfields@=\count199
\andhelp@=\toks19
\eqnshift@=\dimen159
\alignsep@=\dimen160
\tagshift@=\dimen161
\tagwidth@=\dimen162
\totwidth@=\dimen163
\lineht@=\dimen164
\@envbody=\toks20
\multlinegap=\skip62
\multlinetaggap=\skip63
\mathdisplay@stack=\toks21
LaTeX Info: Redefining \[ on input line 2666.
LaTeX Info: Redefining \] on input line 2667.
)
(/usr/local/texlive/2012/texmf-dist/tex/latex/amsfonts/amssymb.sty
Package: amssymb 2009/06/22 v3.00
)
(/usr/local/texlive/2012/texmf-dist/tex/latex/natbib/natbib.sty
Package: natbib 2010/09/13 8.31b (PWD, AO)
\bibhang=\skip64
\bibsep=\skip65
LaTeX Info: Redefining \cite on input line 694.
\c@NAT@ctr=\count200
)
(/usr/local/texlive/2012/texmf-dist/tex/latex/xcolor/xcolor.sty
Package: xcolor 2007/01/21 v2.11 LaTeX color extensions (UK)

(/usr/local/texlive/2012/texmf-dist/tex/latex/latexconfig/color.cfg
File: color.cfg 2007/01/18 v1.5 color configuration of teTeX/TeXLive
)
Package xcolor Info: Driver file: pdftex.def on input line 225.
LaTeX Info: Redefining \color on input line 702.
Package xcolor Info: Model `cmy' substituted by `cmy0' on input line 1337.
Package xcolor Info: Model `hsb' substituted by `rgb' on input line 1341.
Package xcolor Info: Model `RGB' extended on input line 1353.
Package xcolor Info: Model `HTML' substituted by `rgb' on input line 1355.
Package xcolor Info: Model `Hsb' substituted by `hsb' on input line 1356.
Package xcolor Info: Model `tHsb' substituted by `hsb' on input line 1357.
Package xcolor Info: Model `HSB' substituted by `hsb' on input line 1358.
Package xcolor Info: Model `Gray' substituted by `gray' on input line 1359.
Package xcolor Info: Model `wave' substituted by `hsb' on input line 1360.

(/usr/local/texlive/2012/texmf-dist/tex/latex/graphics/dvipsnam.def
File: dvipsnam.def 1999/02/16 v3.0i Driver-dependant file (DPC,SPQR)
))
(/usr/local/texlive/2012/texmf-dist/tex/latex/setspace/setspace.sty
Package: setspace 2011/12/19 v6.7a set line spacing
)
(/usr/local/texlive/2012/texmf-dist/tex/latex/multirow/multirow.sty
\bigstrutjot=\dimen165
)
(/usr/local/texlive/2012/texmf-dist/tex/latex/multirow/bigdelim.sty)
(/usr/local/texlive/2012/texmf-dist/tex/generic/ulem/ulem.sty
\UL@box=\box44
\UL@hyphenbox=\box45
\UL@skip=\skip66
\UL@hook=\toks22
\UL@height=\dimen166
\UL@pe=\count201
\UL@pixel=\dimen167
\ULC@box=\box46
Package: ulem 2012/05/18
\ULdepth=\dimen168
) (./EPICSIR.aux)
\openout1 = `EPICSIR.aux'.

LaTeX Font Info:    Checking defaults for OML/cmm/m/it on input line 109.
LaTeX Font Info:    ... okay on input line 109.
LaTeX Font Info:    Checking defaults for T1/cmr/m/n on input line 109.
LaTeX Font Info:    ... okay on input line 109.
LaTeX Font Info:    Checking defaults for OT1/cmr/m/n on input line 109.
LaTeX Font Info:    ... okay on input line 109.
LaTeX Font Info:    Checking defaults for OMS/cmsy/m/n on input line 109.
LaTeX Font Info:    ... okay on input line 109.
LaTeX Font Info:    Checking defaults for OMX/cmex/m/n on input line 109.
LaTeX Font Info:    ... okay on input line 109.
LaTeX Font Info:    Checking defaults for U/cmr/m/n on input line 109.
LaTeX Font Info:    ... okay on input line 109.

(/usr/local/texlive/2012/texmf-dist/tex/context/base/supp-pdf.mkii
[Loading MPS to PDF converter (version 2006.09.02).]
Normal \count register pool exhausted, switching to extended pool.
\scratchcounter=\count277
\scratchdimen=\dimen169
\scratchbox=\box47
\nofMPsegments=\count278
\nofMParguments=\count279
\everyMPshowfont=\toks23
\MPscratchCnt=\count280
\MPscratchDim=\dimen170
\MPnumerator=\count281
\makeMPintoPDFobject=\count282
\everyMPtoPDFconversion=\toks24
) (/usr/local/texlive/2012/texmf-dist/tex/generic/oberdiek/pdftexcmds.sty
Package: pdftexcmds 2011/11/29 v0.20 Utility functions of pdfTeX for LuaTeX (HO
)

(/usr/local/texlive/2012/texmf-dist/tex/generic/oberdiek/ifluatex.sty
Package: ifluatex 2010/03/01 v1.3 Provides the ifluatex switch (HO)
Package ifluatex Info: LuaTeX not detected.
)
(/usr/local/texlive/2012/texmf-dist/tex/generic/oberdiek/ifpdf.sty
Package: ifpdf 2011/01/30 v2.3 Provides the ifpdf switch (HO)
Package ifpdf Info: pdfTeX in PDF mode is detected.
)
Package pdftexcmds Info: LuaTeX not detected.
Package pdftexcmds Info: \pdf@primitive is available.
Package pdftexcmds Info: \pdf@ifprimitive is available.
Package pdftexcmds Info: \pdfdraftmode found.
)
(/usr/local/texlive/2012/texmf-dist/tex/latex/oberdiek/epstopdf-base.sty
Package: epstopdf-base 2010/02/09 v2.5 Base part for package epstopdf

(/usr/local/texlive/2012/texmf-dist/tex/latex/oberdiek/grfext.sty
Package: grfext 2010/08/19 v1.1 Manage graphics extensions (HO)

(/usr/local/texlive/2012/texmf-dist/tex/generic/oberdiek/kvdefinekeys.sty
Package: kvdefinekeys 2011/04/07 v1.3 Define keys (HO)
))
(/usr/local/texlive/2012/texmf-dist/tex/latex/oberdiek/kvoptions.sty
Package: kvoptions 2011/06/30 v3.11 Key value format for package options (HO)

(/usr/local/texlive/2012/texmf-dist/tex/generic/oberdiek/kvsetkeys.sty
Package: kvsetkeys 2012/04/25 v1.16 Key value parser (HO)

(/usr/local/texlive/2012/texmf-dist/tex/generic/oberdiek/etexcmds.sty
Package: etexcmds 2011/02/16 v1.5 Avoid name clashes with e-TeX commands (HO)
Package etexcmds Info: Could not find \expanded.
(etexcmds)             That can mean that you are not using pdfTeX 1.50 or
(etexcmds)             that some package has redefined \expanded.
(etexcmds)             In the latter case, load this package earlier.
)))
Package grfext Info: Graphics extension search list:
(grfext)             [.png,.pdf,.jpg,.mps,.jpeg,.jbig2,.jb2,.PNG,.PDF,.JPG,.JPE
G,.JBIG2,.JB2,.eps]
(grfext)             \AppendGraphicsExtensions on input line 452.

(/usr/local/texlive/2012/texmf-dist/tex/latex/latexconfig/epstopdf-sys.cfg
File: epstopdf-sys.cfg 2010/07/13 v1.3 Configuration of (r)epstopdf for TeX Liv
e
))
(/usr/local/texlive/2012/texmf-dist/tex/latex/beamer/translator/dicts/translato
r-basic-dictionary/translator-basic-dictionary-English.dict
Dictionary: translator-basic-dictionary, Language: English 
)
(/usr/local/texlive/2012/texmf-dist/tex/latex/siunitx/config/siunitx-abbreviati
ons.cfg
File: siunitx-abbreviations.cfg 2012/05/03 v2.5c siunitx: Abbreviated units
)
(/usr/local/texlive/2012/texmf-dist/tex/latex/siunitx/config/siunitx-binary.cfg
File: siunitx-binary.cfg 2012/05/03 v2.5c siunitx: Binary units
)
\c_siunitx_mathsf_int=\count283
LaTeX Font Info:    Try loading font information for U+msa on input line 109.
 (/usr/local/texlive/2012/texmf-dist/tex/latex/amsfonts/umsa.fd
File: umsa.fd 2009/06/22 v3.00 AMS symbols A
)
LaTeX Font Info:    Try loading font information for U+msb on input line 109.

(/usr/local/texlive/2012/texmf-dist/tex/latex/amsfonts/umsb.fd
File: umsb.fd 2009/06/22 v3.00 AMS symbols B
)
\c_siunitx_mathtt_int=\count284
 [1

{/usr/local/texlive/2012/texmf-var/fonts/map/pdftex/updmap/pdftex.map}]
\KeyWordstempboxa=\box48
 [2

] [3

] [4

] [5]
[6] [7] [8] [9] [10] [11]
Overfull \hbox (102.72406pt too wide) in paragraph at lines 521--521
[]|$[]$|  
 []


Overfull \vbox (4.73024pt too high) detected at line 521
 []


Overfull \hbox (3.33087pt too wide) in paragraph at lines 523--523
[]|$[]$|  
 []

[12] [13] [14] [15] [16] [17] [18] [19] [20]
\openout3 = `EPICSIR.fff'.

 (EPICSIR.fff)
\openout4 = `EPICSIR.ttt'.

 (EPICSIR.ttt)
[21] (./EPICSIR.bbl [22] [23] [24] [25])
AED endfloat: Processing end Figures and Tables [26] (./EPICSIR.lof)
\tf@lof=\write5
\openout5 = `EPICSIR.lof'.

 [27


]
(./EPICSIR.fff <figure1.pdf, id=105, 505.89pt x 433.62pt>
File: figure1.pdf Graphic file (type pdf)
 <use figure1.pdf>
Package pdftex.def Info: figure1.pdf used on input line 3.
(pdftex.def)             Requested size: 433.62pt x 371.68188pt.

[28 <./figure1.pdf>] <Tree_combined.pdf, id=114, 802.91968pt x 1314.83224pt>
File: Tree_combined.pdf Graphic file (type pdf)

<use Tree_combined.pdf>
Package pdftex.def Info: Tree_combined.pdf used on input line 13.
(pdftex.def)             Requested size: 289.07999pt x 473.37938pt.
 [29 <./Tree_combined.pdf>]
<R0_MASTER_stochSIR_FINAL.pdf, id=130, 505.89pt x 505.89pt>
File: R0_MASTER_stochSIR_FINAL.pdf Graphic file (type pdf)

<use R0_MASTER_stochSIR_FINAL.pdf>
Package pdftex.def Info: R0_MASTER_stochSIR_FINAL.pdf used on input line 26.
(pdftex.def)             Requested size: 143.81769pt x 143.81734pt.

<R0_MASTER_deterSIR_FINAL.pdf, id=131, 505.89pt x 505.89pt>
File: R0_MASTER_deterSIR_FINAL.pdf Graphic file (type pdf)

<use R0_MASTER_deterSIR_FINAL.pdf>
Package pdftex.def Info: R0_MASTER_deterSIR_FINAL.pdf used on input line 30.
(pdftex.def)             Requested size: 143.81769pt x 143.81734pt.

<R0_MASTER_BDSIR_FINAL.pdf, id=132, 505.89pt x 505.89pt>
File: R0_MASTER_BDSIR_FINAL.pdf Graphic file (type pdf)

<use R0_MASTER_BDSIR_FINAL.pdf>
Package pdftex.def Info: R0_MASTER_BDSIR_FINAL.pdf used on input line 34.
(pdftex.def)             Requested size: 143.81769pt x 143.81734pt.

<R0_lowerS0_stochSIR_FINAL.pdf, id=133, 505.89pt x 505.89pt>
File: R0_lowerS0_stochSIR_FINAL.pdf Graphic file (type pdf)

<use R0_lowerS0_stochSIR_FINAL.pdf>
Package pdftex.def Info: R0_lowerS0_stochSIR_FINAL.pdf used on input line 38.
(pdftex.def)             Requested size: 143.81769pt x 143.81734pt.

<R0_lowerS0_deterSIR_FINAL.pdf, id=134, 505.89pt x 505.89pt>
File: R0_lowerS0_deterSIR_FINAL.pdf Graphic file (type pdf)

<use R0_lowerS0_deterSIR_FINAL.pdf>
Package pdftex.def Info: R0_lowerS0_deterSIR_FINAL.pdf used on input line 42.
(pdftex.def)             Requested size: 143.81769pt x 143.81734pt.

<R0_lowerS0_BDSIR_FINAL.pdf, id=135, 505.89pt x 505.89pt>
File: R0_lowerS0_BDSIR_FINAL.pdf Graphic file (type pdf)

<use R0_lowerS0_BDSIR_FINAL.pdf>
Package pdftex.def Info: R0_lowerS0_BDSIR_FINAL.pdf used on input line 46.
(pdftex.def)             Requested size: 143.81769pt x 143.81734pt.

<R0_lowestR0_stochSIR_FINAL.pdf, id=136, 505.89pt x 505.89pt>
File: R0_lowestR0_stochSIR_FINAL.pdf Graphic file (type pdf)

<use R0_lowestR0_stochSIR_FINAL.pdf>
Package pdftex.def Info: R0_lowestR0_stochSIR_FINAL.pdf used on input line 50.
(pdftex.def)             Requested size: 143.81769pt x 143.81734pt.

<R0_lowestR0_deterSIR_FINAL.pdf, id=137, 505.89pt x 505.89pt>
File: R0_lowestR0_deterSIR_FINAL.pdf Graphic file (type pdf)

<use R0_lowestR0_deterSIR_FINAL.pdf>
Package pdftex.def Info: R0_lowestR0_deterSIR_FINAL.pdf used on input line 54.
(pdftex.def)             Requested size: 143.81769pt x 143.81734pt.

<R0_lowestR0_BDSIR_FINAL.pdf, id=138, 505.89pt x 505.89pt>
File: R0_lowestR0_BDSIR_FINAL.pdf Graphic file (type pdf)

<use R0_lowestR0_BDSIR_FINAL.pdf>
Package pdftex.def Info: R0_lowestR0_BDSIR_FINAL.pdf used on input line 58.
(pdftex.def)             Requested size: 143.81769pt x 143.81734pt.
 [30



 <./R0_MASTER_stochSIR_FINAL.pdf> <./R0_MASTER_deterSIR_FINAL.pdf> <./R0_MASTER
_BDSIR_FINAL.pdf> <./R0_lowerS0_stochSIR_FINAL.pdf> <./R0_lowerS0_deterSIR_FINA
L.pdf> <./R0_lowerS0_BDSIR_FINAL.pdf> <./R0_lowestR0_stochSIR_FINAL.pdf> <./R0_
lowestR0_deterSIR_FINAL.pdf> <./R0_lowestR0_BDSIR_FINAL.pdf>]
<HIV1subtypeB_treeHeight_Origin.pdf, id=762, 589.38644pt x 512.20479pt>
File: HIV1subtypeB_treeHeight_Origin.pdf Graphic file (type pdf)

<use HIV1subtypeB_treeHeight_Origin.pdf>
Package pdftex.def Info: HIV1subtypeB_treeHeight_Origin.pdf used on input line 
70.
(pdftex.def)             Requested size: 505.89pt x 439.64343pt.

Overfull \hbox (36.13501pt too wide) in paragraph at lines 70--71
 [] 
 []

[31

 <./HIV1subtypeB_treeHeight_Origin.pdf>]
<HIV1subtypeB_R0.pdf, id=956, 505.89pt x 505.89pt>
File: HIV1subtypeB_R0.pdf Graphic file (type pdf)
 <use HIV1subtypeB_R0.pdf>
Package pdftex.def Info: HIV1subtypeB_R0.pdf used on input line 82.
(pdftex.def)             Requested size: 505.89pt x 505.89645pt.

Overfull \hbox (36.13501pt too wide) in paragraph at lines 82--83
 [] 
 []

[32

 <./HIV1subtypeB_R0.pdf>]
<HIV1subtypeB_gamma.pdf, id=1089, 505.89pt x 505.89pt>
File: HIV1subtypeB_gamma.pdf Graphic file (type pdf)

<use HIV1subtypeB_gamma.pdf>
Package pdftex.def Info: HIV1subtypeB_gamma.pdf used on input line 93.
(pdftex.def)             Requested size: 505.89pt x 505.89645pt.

Overfull \hbox (36.13501pt too wide) in paragraph at lines 93--94
 [] 
 []

[33

 <./HIV1subtypeB_gamma.pdf>]
<HIV1subtypeB_S0.pdf, id=1198, 505.89pt x 505.89pt>
File: HIV1subtypeB_S0.pdf Graphic file (type pdf)
 <use HIV1subtypeB_S0.pdf>
Package pdftex.def Info: HIV1subtypeB_S0.pdf used on input line 104.
(pdftex.def)             Requested size: 505.89pt x 505.89645pt.

Overfull \hbox (36.13501pt too wide) in paragraph at lines 104--105
 [] 
 []

[34

 <./HIV1subtypeB_S0.pdf>]) (./EPICSIR.lot)
\tf@lot=\write6
\openout6 = `EPICSIR.lot'.

 [35


] (./EPICSIR.ttt
Overfull \hbox (10.75397pt too wide) in paragraph at lines 6--32
 [] 
 []

[36

]
Overfull \hbox (30.73741pt too wide) in paragraph at lines 40--70
 [] 
 []

[37

] [38] [39

]) (./EPICSIR.aux) ) 
Here is how much of TeX's memory you used:
 11809 strings out of 493488
 238263 string characters out of 3141326
 259631 words of memory out of 3000000
 14901 multiletter control sequences out of 15000+200000
 15373 words of font info for 61 fonts, out of 3000000 for 9000
 957 hyphenation exceptions out of 8191
 38i,14n,35p,1062b,602s stack positions out of 5000i,500n,10000p,200000b,50000s
</usr/local/texlive/2012/texmf-dist/fonts/type1/public/amsf
onts/cm/cmbx10.pfb></usr/local/texlive/2012/texmf-dist/fonts/type1/public/amsfo
nts/cm/cmbx12.pfb></usr/local/texlive/2012/texmf-dist/fonts/type1/public/amsfon
ts/cm/cmcsc10.pfb></usr/local/texlive/2012/texmf-dist/fonts/type1/public/amsfon
ts/cm/cmex10.pfb></usr/local/texlive/2012/texmf-dist/fonts/type1/public/amsfont
s/cm/cmmi10.pfb></usr/local/texlive/2012/texmf-dist/fonts/type1/public/amsfonts
/cm/cmmi12.pfb></usr/local/texlive/2012/texmf-dist/fonts/type1/public/amsfonts/
cm/cmmi6.pfb></usr/local/texlive/2012/texmf-dist/fonts/type1/public/amsfonts/cm
/cmmi8.pfb></usr/local/texlive/2012/texmf-dist/fonts/type1/public/amsfonts/cm/c
mr10.pfb></usr/local/texlive/2012/texmf-dist/fonts/type1/public/amsfonts/cm/cmr
12.pfb></usr/local/texlive/2012/texmf-dist/fonts/type1/public/amsfonts/cm/cmr17
.pfb></usr/local/texlive/2012/texmf-dist/fonts/type1/public/amsfonts/cm/cmr6.pf
b></usr/local/texlive/2012/texmf-dist/fonts/type1/public/amsfonts/cm/cmr7.pfb><
/usr/local/texlive/2012/texmf-dist/fonts/type1/public/amsfonts/cm/cmr8.pfb></us
r/local/texlive/2012/texmf-dist/fonts/type1/public/amsfonts/cm/cmsy10.pfb></usr
/local/texlive/2012/texmf-dist/fonts/type1/public/amsfonts/cm/cmsy6.pfb></usr/l
ocal/texlive/2012/texmf-dist/fonts/type1/public/amsfonts/cm/cmsy8.pfb></usr/loc
al/texlive/2012/texmf-dist/fonts/type1/public/amsfonts/cm/cmti12.pfb></usr/loca
l/texlive/2012/texmf-dist/fonts/type1/public/amsfonts/cm/cmtt12.pfb></usr/local
/texlive/2012/texmf-dist/fonts/type1/public/amsfonts/symbols/msbm10.pfb>
Output written on EPICSIR.pdf (39 pages, 5889090 bytes).
PDF statistics:
 1392 PDF objects out of 1440 (max. 8388607)
 1033 compressed objects within 11 object streams
 0 named destinations out of 1000 (max. 500000)
 76 words of extra memory for PDF output out of 10000 (max. 10000000)

